Reading netlist file: "/home/albert/Documents/02-PROJECTS/msx-v9990/msx-vdpcartproto-v9990/rtl/impl/gwsynthesis/board_proto.vg"
Parsing netlist file "/home/albert/Documents/02-PROJECTS/msx-v9990/msx-vdpcartproto-v9990/rtl/impl/gwsynthesis/board_proto.vg" completed
Processing netlist completed
Reading constraint file: "/home/albert/Documents/02-PROJECTS/msx-v9990/msx-vdpcartproto-v9990/rtl/src/board/proto/board_proto.cst"
Physical Constraint parsed completed
Running placement......
[10%] Placement Phase 0 completed
[20%] Placement Phase 1 completed
[30%] Placement Phase 2 completed
[50%] Placement Phase 3 completed
Running routing......
[60%] Routing Phase 0 completed
[70%] Routing Phase 1 completed
[80%] Routing Phase 2 completed
WARN  (PR1014) : Generic routing resource will be used to clock signal 'CLK_27M_d' by the specified constraint. And then it may lead to the excessive delay or skew
[90%] Routing Phase 3 completed
Running timing analysis......
[95%] Timing analysis completed
Placement and routing completed
Bitstream generation in progress......
Bitstream generation completed
Running power analysis......
[100%] Power analysis completed
Generate file "/home/albert/Documents/02-PROJECTS/msx-v9990/msx-vdpcartproto-v9990/rtl/impl/pnr/board_proto.power.html" completed
Generate file "/home/albert/Documents/02-PROJECTS/msx-v9990/msx-vdpcartproto-v9990/rtl/impl/pnr/board_proto.pin.html" completed
Generate file "/home/albert/Documents/02-PROJECTS/msx-v9990/msx-vdpcartproto-v9990/rtl/impl/pnr/board_proto.rpt.html" completed
Generate file "/home/albert/Documents/02-PROJECTS/msx-v9990/msx-vdpcartproto-v9990/rtl/impl/pnr/board_proto.rpt.txt" completed
Generate file "/home/albert/Documents/02-PROJECTS/msx-v9990/msx-vdpcartproto-v9990/rtl/impl/pnr/board_proto.tr.html" completed
Tue Jul  7 11:25:54 2026

